[06/08/2025 13:45:59] [MAIN] Início do programa. Winsock inicializado.
[06/08/2025 13:45:59] [MAIN] Verificando rede e mensagem.json...
[06/08/2025 13:45:59] [REDE] IP válido encontrado.
[06/08/2025 13:45:59] [MAIN] Mensagem formatada. Enviando...
[06/08/2025 13:45:59] [TELEGRAM] Enviando mensagem...
[06/08/2025 13:46:00] [TELEGRAM] OK: Mensagem enviada com sucesso.
[06/08/2025 13:46:00] [SOCKET] Conectando em 172.16.41.211...
[06/08/2025 13:46:00] [SOCKET] OK: Enviado para 172.16.41.211
[06/08/2025 13:46:01] [PROCESSO] O envio do 'BUZZ' foi ignorado.
[06/08/2025 13:46:01] [PROCESSO] Envios (Telegram e Sockets) OK. Atualizando STATUS...
[06/08/2025 13:46:01] [JSON] Tentando atualizar STATUS em mensagem.json...
[06/08/2025 13:46:01] [JSON] Chave 'STATUS' encontrada. Valor alterado para true.
[06/08/2025 13:46:01] [JSON] OK: STATUS alterado e arquivo salvo.
[06/08/2025 13:46:01] [MAIN] Fim do programa
[06/08/2025 13:51:50] [MAIN] Início do programa. Winsock inicializado.
[06/08/2025 13:51:50] [MAIN] Verificando rede e mensagem.json...
[06/08/2025 13:51:50] [REDE] IP válido encontrado.
[06/08/2025 13:51:50] [MAIN] Mensagem formatada. Enviando...
[06/08/2025 13:51:50] [TELEGRAM] Enviando mensagem...
[06/08/2025 13:51:52] [TELEGRAM] OK: Mensagem enviada com sucesso.
[06/08/2025 13:51:52] [SOCKET] Conectando em 172.16.41.211...
[06/08/2025 13:51:52] [SOCKET] OK: Enviado para 172.16.41.211
[06/08/2025 13:51:52] [PROCESSO] O envio do 'BUZZ' foi ignorado.
[06/08/2025 13:51:52] [PROCESSO] Envios (Telegram e Sockets) OK. Atualizando STATUS...
[06/08/2025 13:51:52] [JSON] Tentando atualizar STATUS em mensagem.json...
[06/08/2025 13:51:52] [JSON] Chave 'STATUS' encontrada. Valor alterado para true.
[06/08/2025 13:51:52] [JSON] OK: STATUS alterado e arquivo salvo.
[06/08/2025 13:51:52] [MAIN] Fim do programa
[06/08/2025 13:52:15] [MAIN] Início do programa. Winsock inicializado.
[06/08/2025 13:52:15] [MAIN] Verificando rede e mensagem.json...
[06/08/2025 13:52:15] [REDE] IP válido encontrado.
[06/08/2025 13:52:15] [MAIN] Mensagem formatada. Enviando...
[06/08/2025 13:52:16] [TELEGRAM] Enviando mensagem...
[06/08/2025 13:52:17] [TELEGRAM] OK: Mensagem enviada com sucesso.
[06/08/2025 13:52:17] [SOCKET] Conectando em 172.16.41.211...
[06/08/2025 13:52:17] [SOCKET] OK: Enviado para 172.16.41.211
[06/08/2025 13:52:17] [PROCESSO] O envio do 'BUZZ' foi ignorado.
[06/08/2025 13:52:17] [PROCESSO] Envios (Telegram e Sockets) OK. Atualizando STATUS...
[06/08/2025 13:52:18] [JSON] Tentando atualizar STATUS em mensagem.json...
[06/08/2025 13:52:18] [JSON] Chave 'STATUS' encontrada. Valor alterado para true.
[06/08/2025 13:52:18] [JSON] OK: STATUS alterado e arquivo salvo.
[06/08/2025 13:52:18] [MAIN] Fim do programa
[07/08/2025 11:50:21] [MAIN] Início do programa. Winsock inicializado.
[07/08/2025 11:50:21] [MAIN] Verificando rede e mensagem.json...
[07/08/2025 11:50:21] [REDE] IP válido encontrado.
[07/08/2025 11:50:21] [MAIN] Mensagem formatada. Enviando...
[07/08/2025 11:50:21] [TELEGRAM] Enviando mensagem...
[07/08/2025 11:50:22] [TELEGRAM] OK: Mensagem enviada com sucesso.
[07/08/2025 11:50:22] [SOCKET] Conectando em 172.16.41.211...
[07/08/2025 11:50:22] [SOCKET] OK: Enviado para 172.16.41.211
[07/08/2025 11:50:22] [PROCESSO] O envio do 'BUZZ' foi ignorado.
[07/08/2025 11:50:22] [PROCESSO] Envios (Telegram e Sockets) OK. Atualizando STATUS...
[07/08/2025 11:50:22] [JSON] Tentando atualizar STATUS em mensagem.json...
[07/08/2025 11:50:22] [JSON] Chave 'STATUS' encontrada. Valor alterado para true.
[07/08/2025 11:50:22] [JSON] OK: STATUS alterado e arquivo salvo.
[07/08/2025 11:50:22] [MAIN] Fim do programa
[07/08/2025 11:50:54] [MAIN] Início do programa. Winsock inicializado.
[07/08/2025 11:50:54] [MAIN] Verificando rede e mensagem.json...
[07/08/2025 11:50:54] [REDE] IP válido encontrado.
[07/08/2025 11:50:54] [MAIN] Mensagem formatada. Enviando...
[07/08/2025 11:50:54] [TELEGRAM] Enviando mensagem...
[07/08/2025 11:50:55] [TELEGRAM] OK: Mensagem enviada com sucesso.
[07/08/2025 11:50:55] [SOCKET] Conectando em 172.16.41.211...
[07/08/2025 11:50:55] [SOCKET] OK: Enviado para 172.16.41.211
[07/08/2025 11:50:55] [PROCESSO] O envio do 'BUZZ' foi ignorado.
[07/08/2025 11:50:55] [PROCESSO] Envios (Telegram e Sockets) OK. Atualizando STATUS...
[07/08/2025 11:50:55] [JSON] Tentando atualizar STATUS em mensagem.json...
[07/08/2025 11:50:55] [JSON] Chave 'STATUS' encontrada. Valor alterado para true.
[07/08/2025 11:50:55] [JSON] OK: STATUS alterado e arquivo salvo.
[07/08/2025 11:50:55] [MAIN] Fim do programa
[07/08/2025 11:56:20] [MAIN] Início do programa. Winsock inicializado.
[07/08/2025 11:56:20] [MAIN] Verificando rede e mensagem.json...
[07/08/2025 11:56:20] [REDE] IP válido encontrado.
[07/08/2025 11:56:20] [MAIN] Mensagem formatada. Enviando...
[07/08/2025 11:56:20] [TELEGRAM] Enviando mensagem...
[07/08/2025 11:56:21] [TELEGRAM] OK: Mensagem enviada com sucesso.
[07/08/2025 11:56:21] [SOCKET] Conectando em 172.16.41.211...
[07/08/2025 11:56:21] [SOCKET] OK: Enviado para 172.16.41.211
[07/08/2025 11:56:21] [PROCESSO] O envio do 'BUZZ' foi ignorado.
[07/08/2025 11:56:21] [PROCESSO] Envios (Telegram e Sockets) OK. Atualizando STATUS...
[07/08/2025 11:56:21] [JSON] Tentando atualizar STATUS em mensagem.json...
[07/08/2025 11:56:21] [JSON] Chave 'STATUS' encontrada. Valor alterado para true.
[07/08/2025 11:56:21] [JSON] OK: STATUS alterado e arquivo salvo.
[07/08/2025 11:56:21] [MAIN] Fim do programa
[07/08/2025 12:01:39] [MAIN] Início do programa. Winsock inicializado.
[07/08/2025 12:01:39] [MAIN] Verificando rede e mensagem.json...
[07/08/2025 12:01:39] [REDE] IP válido encontrado.
[07/08/2025 12:01:39] [MAIN] Mensagem formatada. Enviando...
[07/08/2025 12:01:39] [TELEGRAM] Enviando mensagem...
[07/08/2025 12:01:41] [TELEGRAM] OK: Mensagem enviada com sucesso.
[07/08/2025 12:01:41] [SOCKET] Conectando em 172.16.41.211...
[07/08/2025 12:01:41] [SOCKET] OK: Enviado para 172.16.41.211
[07/08/2025 12:01:41] [PROCESSO] O envio do 'BUZZ' foi ignorado.
[07/08/2025 12:01:41] [PROCESSO] Envios (Telegram e Sockets) OK. Atualizando STATUS...
[07/08/2025 12:01:41] [JSON] Tentando atualizar STATUS em mensagem.json...
[07/08/2025 12:01:41] [JSON] Chave 'STATUS' encontrada. Valor alterado para true.
[07/08/2025 12:01:41] [JSON] OK: STATUS alterado e arquivo salvo.
[07/08/2025 12:01:41] [MAIN] Fim do programa
[07/08/2025 12:14:21] [MAIN] Início do programa. Winsock inicializado.
[07/08/2025 12:14:21] [MAIN] Verificando rede e mensagem.json...
[07/08/2025 12:14:22] [REDE] IP válido encontrado.
[07/08/2025 12:14:22] [MAIN] Mensagem formatada. Enviando...
[07/08/2025 12:14:22] [TELEGRAM] Enviando mensagem...
[07/08/2025 12:14:24] [TELEGRAM] OK: Mensagem enviada com sucesso.
[07/08/2025 12:14:24] [SOCKET] Conectando em 172.16.41.211...
[07/08/2025 12:14:24] [SOCKET] OK: Enviado para 172.16.41.211
[07/08/2025 12:14:25] [PROCESSO] O envio do 'BUZZ' foi ignorado.
[07/08/2025 12:14:25] [PROCESSO] Envios (Telegram e Sockets) OK. Atualizando STATUS...
[07/08/2025 12:14:25] [JSON] Tentando atualizar STATUS em mensagem.json...
[07/08/2025 12:14:25] [JSON] Chave 'STATUS' encontrada. Valor alterado para true.
[07/08/2025 12:14:25] [JSON] OK: STATUS alterado e arquivo salvo.
[07/08/2025 12:14:25] [MAIN] Fim do programa
[11/08/2025 11:17:21] [MAIN] Início do programa. Winsock inicializado.
[11/08/2025 11:17:21] [MAIN] Verificando rede e mensagem.json...
[11/08/2025 11:17:21] [REDE] IP válido encontrado.
[11/08/2025 11:17:21] [MAIN] Mensagem formatada. Enviando...
[11/08/2025 11:17:21] [TELEGRAM] Enviando mensagem...
[11/08/2025 11:17:23] [TELEGRAM] OK: Mensagem enviada com sucesso.
[11/08/2025 11:17:23] [SOCKET] Conectando em 172.16.41.211...
[11/08/2025 11:17:25] [SOCKET] FALHA: Falha ao conectar em 172.16.41.211
[11/08/2025 11:17:25] [PROCESSO] O envio do 'BUZZ' foi ignorado.
[11/08/2025 11:17:25] [PROCESSO] Envios (Telegram e Sockets) OK. Atualizando STATUS...
[11/08/2025 11:17:25] [JSON] Tentando atualizar STATUS em mensagem.json...
[11/08/2025 11:17:25] [JSON] Chave 'STATUS' encontrada. Valor alterado para true.
[11/08/2025 11:17:25] [JSON] OK: STATUS alterado e arquivo salvo.
[11/08/2025 11:17:25] [MAIN] Fim do programa
[11/08/2025 15:24:53] [MAIN] Início do programa. Winsock inicializado.
[11/08/2025 15:24:54] [MAIN] Verificando rede e mensagem.json...
[11/08/2025 15:24:56] [REDE] IP válido encontrado.
[11/08/2025 15:24:56] [MAIN] Mensagem formatada. Enviando...
[11/08/2025 15:24:56] [TELEGRAM] Enviando mensagem...
[11/08/2025 15:25:00] [TELEGRAM] OK: Mensagem enviada com sucesso.
[11/08/2025 15:25:00] [SOCKET] Conectando em 172.16.41.211...
[11/08/2025 15:25:00] [SOCKET] OK: Enviado para 172.16.41.211
[11/08/2025 15:25:00] [PROCESSO] O envio do 'BUZZ' foi ignorado.
[11/08/2025 15:25:00] [PROCESSO] Envios (Telegram e Sockets) OK. Atualizando STATUS...
[11/08/2025 15:25:00] [JSON] Tentando atualizar STATUS em mensagem.json...
[11/08/2025 15:25:00] [JSON] Chave 'STATUS' encontrada. Valor alterado para true.
[11/08/2025 15:25:00] [JSON] OK: STATUS alterado e arquivo salvo.
[11/08/2025 15:25:00] [MAIN] Fim do programa
[11/08/2025 15:35:46] [MAIN] Início do programa. Winsock inicializado.
[11/08/2025 15:35:46] [MAIN] Verificando rede e mensagem.json...
[11/08/2025 15:35:46] [REDE] IP válido encontrado.
[11/08/2025 15:35:46] [MAIN] OK: O arquivo JSON ja tem STATUS = true. Nao e necessario enviar.
[11/08/2025 15:35:46] [MAIN] Fim do programa
[11/08/2025 15:36:20] [MAIN] Início do programa. Winsock inicializado.
[11/08/2025 15:36:20] [MAIN] Verificando rede e mensagem.json...
[11/08/2025 15:36:20] [REDE] IP válido encontrado.
[11/08/2025 15:36:20] [MAIN] OK: O arquivo JSON ja tem STATUS = true. Nao e necessario enviar.
[11/08/2025 15:36:20] [MAIN] Fim do programa
[11/08/2025 15:36:30] [MAIN] Início do programa. Winsock inicializado.
[11/08/2025 15:36:30] [MAIN] Verificando rede e mensagem.json...
[11/08/2025 15:36:31] [REDE] IP válido encontrado.
[11/08/2025 15:36:31] [MAIN] Mensagem formatada. Enviando...
[11/08/2025 15:36:31] [TELEGRAM] Enviando mensagem...
[11/08/2025 15:36:34] [TELEGRAM] OK: Mensagem enviada com sucesso.
[11/08/2025 15:36:34] [SOCKET] Conectando em 172.16.41.211...
[11/08/2025 15:36:34] [SOCKET] OK: Enviado para 172.16.41.211
[11/08/2025 15:36:34] [PROCESSO] O envio do 'BUZZ' foi ignorado.
[11/08/2025 15:36:34] [PROCESSO] Envios (Telegram e Sockets) OK. Atualizando STATUS...
[11/08/2025 15:36:34] [JSON] Tentando atualizar STATUS em mensagem.json...
[11/08/2025 15:36:34] [JSON] Chave 'STATUS' encontrada. Valor alterado para true.
[11/08/2025 15:36:34] [JSON] OK: STATUS alterado e arquivo salvo.
[11/08/2025 15:36:34] [MAIN] Fim do programa
[11/08/2025 15:38:23] [MAIN] Início do programa. Winsock inicializado.
[11/08/2025 15:38:24] [MAIN] Verificando rede e mensagem.json...
[11/08/2025 15:38:24] [REDE] IP válido encontrado.
[11/08/2025 15:38:25] [MAIN] Mensagem formatada. Enviando...
[11/08/2025 15:38:25] [TELEGRAM] Enviando mensagem...
[11/08/2025 15:38:27] [TELEGRAM] OK: Mensagem enviada com sucesso.
[11/08/2025 15:38:27] [SOCKET] Conectando em 172.16.41.211...
[11/08/2025 15:38:27] [SOCKET] OK: Enviado para 172.16.41.211
[11/08/2025 15:38:27] [PROCESSO] O envio do 'BUZZ' foi ignorado.
[11/08/2025 15:38:27] [PROCESSO] Envios (Telegram e Sockets) OK. Atualizando STATUS...
[11/08/2025 15:38:27] [JSON] Tentando atualizar STATUS em mensagem.json...
[11/08/2025 15:38:27] [JSON] Chave 'STATUS' encontrada. Valor alterado para true.
[11/08/2025 15:38:27] [JSON] OK: STATUS alterado e arquivo salvo.
[11/08/2025 15:38:27] [MAIN] Fim do programa
[11/08/2025 15:45:17] [MAIN] Início do programa. Winsock inicializado.
[11/08/2025 15:45:17] [MAIN] Verificando rede e mensagem.json...
[11/08/2025 15:45:17] [REDE] IP válido encontrado.
[11/08/2025 15:45:17] [MAIN] Mensagem formatada. Enviando...
[11/08/2025 15:45:17] [TELEGRAM] Enviando mensagem...
[11/08/2025 15:45:19] [TELEGRAM] OK: Mensagem enviada com sucesso.
[11/08/2025 15:45:19] [SOCKET] Conectando em 172.16.41.211...
[11/08/2025 15:45:19] [SOCKET] OK: Enviado para 172.16.41.211
[11/08/2025 15:45:19] [PROCESSO] O envio do 'BUZZ' foi ignorado.
[11/08/2025 15:45:19] [PROCESSO] Envios (Telegram e Sockets) OK. Atualizando STATUS...
[11/08/2025 15:45:19] [JSON] Tentando atualizar STATUS em mensagem.json...
[11/08/2025 15:45:19] [JSON] Chave 'STATUS' encontrada. Valor alterado para true.
[11/08/2025 15:45:19] [JSON] OK: STATUS alterado e arquivo salvo.
[11/08/2025 15:45:19] [MAIN] Fim do programa
[12/08/2025 09:48:52] [MAIN] Início do programa. Winsock inicializado.
[12/08/2025 09:48:52] [MAIN] Verificando rede e mensagem.json...
[12/08/2025 09:48:52] [REDE] IP válido encontrado.
[12/08/2025 09:48:52] [MAIN] OK: O arquivo JSON ja tem STATUS = true. Nao e necessario enviar.
[12/08/2025 09:48:52] [MAIN] Fim do programa
[12/08/2025 09:49:02] [MAIN] Início do programa. Winsock inicializado.
[12/08/2025 09:49:02] [MAIN] Verificando rede e mensagem.json...
[12/08/2025 09:49:02] [REDE] IP válido encontrado.
[12/08/2025 09:49:02] [MAIN] OK: O arquivo JSON ja tem STATUS = true. Nao e necessario enviar.
[12/08/2025 09:49:02] [MAIN] Fim do programa
[12/08/2025 09:49:06] [MAIN] Início do programa. Winsock inicializado.
[12/08/2025 09:49:06] [MAIN] Verificando rede e mensagem.json...
[12/08/2025 09:49:06] [REDE] IP válido encontrado.
[12/08/2025 09:49:06] [MAIN] OK: O arquivo JSON ja tem STATUS = true. Nao e necessario enviar.
[12/08/2025 09:49:06] [MAIN] Fim do programa
[12/08/2025 09:49:14] [MAIN] Início do programa. Winsock inicializado.
[12/08/2025 09:49:14] [MAIN] Verificando rede e mensagem.json...
[12/08/2025 09:49:15] [REDE] IP válido encontrado.
[12/08/2025 09:49:15] [MAIN] Mensagem formatada. Enviando...
[12/08/2025 09:49:15] [TELEGRAM] Enviando mensagem...
[12/08/2025 09:49:16] [TELEGRAM] OK: Mensagem enviada com sucesso.
[12/08/2025 09:49:16] [SOCKET] Conectando em 172.16.41.211...
[12/08/2025 09:49:16] [SOCKET] OK: Enviado para 172.16.41.211
[12/08/2025 09:49:16] [PROCESSO] O envio do 'BUZZ' foi ignorado.
[12/08/2025 09:49:16] [PROCESSO] Envios (Telegram e Sockets) OK. Atualizando STATUS...
[12/08/2025 09:49:16] [JSON] Tentando atualizar STATUS em mensagem.json...
[12/08/2025 09:49:16] [JSON] Chave 'STATUS' encontrada. Valor alterado para true.
[12/08/2025 09:49:16] [JSON] OK: STATUS alterado e arquivo salvo.
[12/08/2025 09:49:16] [MAIN] Fim do programa
[12/08/2025 10:20:45] [MAIN] Início do programa. Winsock inicializado.
[12/08/2025 10:20:45] [MAIN] Verificando rede e mensagem.json...
[12/08/2025 10:20:45] [REDE] IP válido encontrado.
[12/08/2025 10:20:45] [MAIN] Mensagem formatada. Enviando...
[12/08/2025 10:20:45] [TELEGRAM] Enviando mensagem...
[12/08/2025 10:20:47] [TELEGRAM] OK: Mensagem enviada com sucesso.
[12/08/2025 10:20:47] [SOCKET] Conectando em 172.16.41.211...
[12/08/2025 10:20:47] [SOCKET] OK: Enviado para 172.16.41.211
[12/08/2025 10:20:47] [PROCESSO] O envio do 'BUZZ' foi ignorado.
[12/08/2025 10:20:47] [PROCESSO] Envios (Telegram e Sockets) OK. Atualizando STATUS...
[12/08/2025 10:20:47] [JSON] Tentando atualizar STATUS em mensagem.json...
[12/08/2025 10:20:47] [JSON] Chave 'STATUS' encontrada. Valor alterado para true.
[12/08/2025 10:20:47] [JSON] OK: STATUS alterado e arquivo salvo.
[12/08/2025 10:20:47] [MAIN] Fim do programa
[12/08/2025 10:55:38] [MAIN] Início do programa. Winsock inicializado.
[12/08/2025 10:55:38] [MAIN] Verificando rede e mensagem.json...
[12/08/2025 10:55:38] [REDE] IP válido encontrado.
[12/08/2025 10:55:38] [MAIN] Mensagem formatada. Enviando...
[12/08/2025 10:55:38] [TELEGRAM] Enviando mensagem...
[12/08/2025 10:55:40] [TELEGRAM] OK: Mensagem enviada com sucesso.
[12/08/2025 10:55:40] [SOCKET] Conectando em 172.16.41.211...
[12/08/2025 10:55:40] [SOCKET] OK: Enviado para 172.16.41.211
[12/08/2025 10:55:40] [PROCESSO] O envio do 'BUZZ' foi ignorado.
[12/08/2025 10:55:40] [PROCESSO] Envios (Telegram e Sockets) OK. Atualizando STATUS...
[12/08/2025 10:55:40] [JSON] Tentando atualizar STATUS em mensagem.json...
[12/08/2025 10:55:40] [JSON] Chave 'STATUS' encontrada. Valor alterado para true.
[12/08/2025 10:55:40] [JSON] OK: STATUS alterado e arquivo salvo.
[12/08/2025 10:55:40] [MAIN] Fim do programa
[12/08/2025 10:58:37] [MAIN] Início do programa. Winsock inicializado.
[12/08/2025 10:58:37] [MAIN] Verificando rede e mensagem.json...
[12/08/2025 10:58:37] [REDE] IP válido encontrado.
[12/08/2025 10:58:37] [MAIN] Mensagem formatada. Enviando...
[12/08/2025 10:58:37] [TELEGRAM] Enviando mensagem...
[12/08/2025 10:58:38] [TELEGRAM] OK: Mensagem enviada com sucesso.
[12/08/2025 10:58:38] [SOCKET] Conectando em 172.16.41.211...
[12/08/2025 10:58:38] [SOCKET] OK: Enviado para 172.16.41.211
[12/08/2025 10:58:38] [PROCESSO] O envio do 'BUZZ' foi ignorado.
[12/08/2025 10:58:38] [PROCESSO] Envios (Telegram e Sockets) OK. Atualizando STATUS...
[12/08/2025 10:58:38] [JSON] Tentando atualizar STATUS em mensagem.json...
[12/08/2025 10:58:38] [JSON] Chave 'STATUS' encontrada. Valor alterado para true.
[12/08/2025 10:58:38] [JSON] OK: STATUS alterado e arquivo salvo.
[12/08/2025 10:58:38] [MAIN] Fim do programa
[12/08/2025 11:01:29] [MAIN] Início do programa. Winsock inicializado.
[12/08/2025 11:01:29] [MAIN] Verificando rede e mensagem.json...
[12/08/2025 11:01:29] [REDE] IP válido encontrado.
[12/08/2025 11:01:29] [MAIN] Mensagem formatada. Enviando...
[12/08/2025 11:01:29] [TELEGRAM] Enviando mensagem...
[12/08/2025 11:01:31] [TELEGRAM] OK: Mensagem enviada com sucesso.
[12/08/2025 11:01:31] [SOCKET] Conectando em 172.16.41.211...
[12/08/2025 11:01:31] [SOCKET] OK: Enviado para 172.16.41.211
[12/08/2025 11:01:31] [PROCESSO] O envio do 'BUZZ' foi ignorado.
[12/08/2025 11:01:31] [PROCESSO] Envios (Telegram e Sockets) OK. Atualizando STATUS...
[12/08/2025 11:01:31] [JSON] Tentando atualizar STATUS em mensagem.json...
[12/08/2025 11:01:31] [JSON] Chave 'STATUS' encontrada. Valor alterado para true.
[12/08/2025 11:01:31] [JSON] OK: STATUS alterado e arquivo salvo.
[12/08/2025 11:01:31] [MAIN] Fim do programa
[13/08/2025 09:01:05] [MAIN] Início do programa. Winsock inicializado.
[13/08/2025 09:01:05] [MAIN] Verificando rede e mensagem.json...
[13/08/2025 09:01:06] [REDE] IP válido encontrado.
[13/08/2025 09:01:06] [MAIN] Mensagem formatada. Enviando...
[13/08/2025 09:01:06] [TELEGRAM] Enviando mensagem...
[13/08/2025 09:01:07] [TELEGRAM] OK: Mensagem enviada com sucesso.
[13/08/2025 09:01:07] [SOCKET] Conectando em 172.16.41.211...
[13/08/2025 09:01:07] [SOCKET] Conectando em 172.16.41.247...
[13/08/2025 09:01:07] [SOCKET] Conectando em 172.16.41.64...
[13/08/2025 09:01:07] [SOCKET] OK: Enviado para 172.16.41.211
[13/08/2025 09:01:07] [SOCKET] OK: Enviado para 172.16.41.247
[13/08/2025 09:01:28] [SOCKET] FALHA: Falha ao conectar em 172.16.41.64
[13/08/2025 09:01:28] [PROCESSO] O envio do 'BUZZ' foi ignorado.
[13/08/2025 09:01:28] [PROCESSO] Envios (Telegram e Sockets) OK. Atualizando STATUS...
[13/08/2025 09:01:28] [JSON] Tentando atualizar STATUS em mensagem.json...
[13/08/2025 09:01:28] [JSON] Chave 'STATUS' encontrada. Valor alterado para true.
[13/08/2025 09:01:28] [JSON] OK: STATUS alterado e arquivo salvo.
[13/08/2025 09:01:28] [MAIN] Fim do programa
[14/08/2025 14:41:01] [MAIN] Início do programa. Winsock inicializado.
[14/08/2025 14:41:01] [MAIN] Verificando rede e mensagem.json...
[14/08/2025 14:41:02] [REDE] IP válido encontrado.
[14/08/2025 14:41:02] [MAIN] Mensagem formatada. Enviando...
[14/08/2025 14:41:02] [TELEGRAM] Enviando mensagem...
[14/08/2025 14:41:08] [TELEGRAM] OK: Mensagem enviada com sucesso.
[14/08/2025 14:41:08] [SOCKET] Conectando em 172.16.41.211...
[14/08/2025 14:41:08] [SOCKET] Conectando em 172.16.41.247...
[14/08/2025 14:41:08] [SOCKET] Conectando em 172.16.41.64...
[14/08/2025 14:41:08] [SOCKET] OK: Enviado para 172.16.41.211
[14/08/2025 14:41:09] [SOCKET] OK: Enviado para 172.16.41.247
[14/08/2025 14:41:30] [SOCKET] FALHA: Falha ao conectar em 172.16.41.64
[14/08/2025 14:41:30] [PROCESSO] O envio do 'BUZZ' foi ignorado.
[14/08/2025 14:41:30] [PROCESSO] Envios (Telegram e Sockets) OK. Atualizando STATUS...
[14/08/2025 14:41:30] [JSON] Tentando atualizar STATUS em mensagem.json...
[14/08/2025 14:41:30] [JSON] Chave 'STATUS' encontrada. Valor alterado para true.
[14/08/2025 14:41:30] [JSON] OK: STATUS alterado e arquivo salvo.
[14/08/2025 14:41:30] [MAIN] Fim do programa
